e:\lily\学习\图像信息处理\源代码\simpleimage\release\simpleimage.pch
e:\lily\学习\图像信息处理\源代码\simpleimage\release\vc120.pdb
e:\lily\学习\图像信息处理\源代码\simpleimage\release\stdafx.obj
e:\lily\学习\图像信息处理\源代码\simpleimage\release\mainfrm.obj
e:\lily\学习\图像信息处理\源代码\simpleimage\release\childview.obj
e:\lily\学习\图像信息处理\源代码\simpleimage\release\cimage.obj
e:\lily\学习\图像信息处理\源代码\simpleimage\release\infodlg.obj
e:\lily\学习\图像信息处理\as3\simpleimage\release\simpleimage.pch
e:\lily\学习\图像信息处理\as3\simpleimage\release\vc120.pdb
e:\lily\学习\图像信息处理\as3\simpleimage\release\stdafx.obj
e:\lily\学习\图像信息处理\as3\simpleimage\release\mainfrm.obj
e:\lily\学习\图像信息处理\as3\simpleimage\release\infodlg.obj
e:\lily\学习\图像信息处理\as3\simpleimage\release\cimage.obj
e:\lily\学习\图像信息处理\as3\simpleimage\release\childview.obj
e:\lily\学习\图像信息处理\as4\simpleimage\release\simpleimage.pch
e:\lily\学习\图像信息处理\as4\simpleimage\release\vc120.pdb
e:\lily\学习\图像信息处理\as4\simpleimage\release\stdafx.obj
e:\lily\学习\图像信息处理\as4\simpleimage\release\mainfrm.obj
e:\lily\学习\图像信息处理\as4\simpleimage\release\infodlg.obj
e:\lily\学习\图像信息处理\as4\simpleimage\release\cimage.obj
e:\lily\学习\图像信息处理\as4\simpleimage\release\childview.obj
e:\lily\学习\图像信息处理\as5\simpleimage\release\simpleimage.pch
e:\lily\学习\图像信息处理\as5\simpleimage\release\vc120.pdb
e:\lily\学习\图像信息处理\as5\simpleimage\release\stdafx.obj
e:\lily\学习\图像信息处理\as5\simpleimage\release\mainfrm.obj
e:\lily\学习\图像信息处理\as5\simpleimage\release\infodlg.obj
e:\lily\学习\图像信息处理\as5\simpleimage\release\cimage.obj
e:\lily\学习\图像信息处理\as5\simpleimage\release\childview.obj
e:\lily\学习\图像信息处理\as6\simpleimage\release\simpleimage.pch
e:\lily\学习\图像信息处理\as6\simpleimage\release\vc120.pdb
e:\lily\学习\图像信息处理\as6\simpleimage\release\stdafx.obj
e:\lily\学习\图像信息处理\as6\simpleimage\release\mainfrm.obj
e:\lily\学习\图像信息处理\as6\simpleimage\release\infodlg.obj
e:\lily\学习\图像信息处理\as6\simpleimage\release\cimage.obj
e:\lily\学习\图像信息处理\as6\simpleimage\release\childview.obj
e:\lily\学习\图像信息处理\源代码\simpleimage\release\simpleimage.exe
e:\lily\学习\图像信息处理\源代码\simpleimage\release\simpleimage.pdb
e:\lily\学习\图像信息处理\as3\simpleimage\release\simpleimage.exe
e:\lily\学习\图像信息处理\as3\simpleimage\release\simpleimage.pdb
e:\lily\学习\图像信息处理\as4\simpleimage\release\simpleimage.exe
e:\lily\学习\图像信息处理\as4\simpleimage\release\simpleimage.pdb
e:\lily\学习\图像信息处理\as5\simpleimage\release\simpleimage.exe
e:\lily\学习\图像信息处理\as5\simpleimage\release\simpleimage.pdb
e:\lily\学习\图像信息处理\as6\simpleimage\release\simpleimage.exe
e:\lily\学习\图像信息处理\as6\simpleimage\release\simpleimage.pdb
e:\lily\学习\图像信息处理\源代码\simpleimage\release\cimage.res
e:\lily\学习\图像信息处理\as3\simpleimage\release\cimage.res
e:\lily\学习\图像信息处理\as4\simpleimage\release\cimage.res
e:\lily\学习\图像信息处理\as5\simpleimage\release\cimage.res
e:\lily\学习\图像信息处理\as6\simpleimage\release\cimage.res
e:\lily\学习\图像信息处理\as6\simpleimage\release\simpleimage.exe.intermediate.manifest
e:\lily\学习\图像信息处理\as6\simpleimage\release\vc90.idb
e:\lily\学习\图像信息处理\as6\simpleimage\release\vc90.pdb
e:\lily\学习\图像信息处理\as6\simpleimage\release\simpleimage.tlog\cl.command.1.tlog
e:\lily\学习\图像信息处理\as6\simpleimage\release\simpleimage.tlog\cl.read.1.tlog
e:\lily\学习\图像信息处理\as6\simpleimage\release\simpleimage.tlog\cl.write.1.tlog
e:\lily\学习\图像信息处理\as6\simpleimage\release\simpleimage.tlog\link.command.1.tlog
e:\lily\学习\图像信息处理\as6\simpleimage\release\simpleimage.tlog\link.read.1.tlog
e:\lily\学习\图像信息处理\as6\simpleimage\release\simpleimage.tlog\link.write.1.tlog
e:\lily\学习\图像信息处理\as6\simpleimage\release\simpleimage.tlog\rc.command.1.tlog
e:\lily\学习\图像信息处理\as6\simpleimage\release\simpleimage.tlog\rc.read.1.tlog
e:\lily\学习\图像信息处理\as6\simpleimage\release\simpleimage.tlog\rc.write.1.tlog
