生成启动时间为 12/10/2015 3:17:12 PM。
     1>项目“E:\LILY\学习\图像信息处理\AS4\SimpleImage\CImage.vcxproj”在节点 2 上(Build 个目标)。
     1>ClCompile:
         D:\Program Files (x86)\Microsoft Visual Studio 12.0\VC\bin\CL.exe /c /Zi /nologo /W4 /WX- /O2 /Ob1 /Oy /D WIN32 /D _WINDOWS /D NDEBUG /D _MBCS /D _AFXDLL /GF /Gm- /EHsc /MD /GS /Gy /fp:precise /Zc:wchar_t /Zc:forScope /Fo"Release\\" /Fd"Release\vc120.pdb" /Gd /TP /analyze- /errorReport:prompt ChildView.cpp
         ChildView.cpp
     1>D:\Program Files (x86)\Microsoft Visual Studio 12.0\VC\atlmfc\include\afx.h(38): warning C4996: 'MBCS_Support_Deprecated_In_MFC': MBCS support in MFC is deprecated and may be removed in a future version of MFC.
                 D:\Program Files (x86)\Microsoft Visual Studio 12.0\VC\atlmfc\include\afx.h(33) : 参见“MBCS_Support_Deprecated_In_MFC”的声明
     1>ChildView.cpp(523): warning C4244: “=”: 从“double”转换到“float”，可能丢失数据
     1>ChildView.cpp(524): warning C4244: “=”: 从“double”转换到“float”，可能丢失数据
     1>ChildView.cpp(525): warning C4244: “=”: 从“double”转换到“float”，可能丢失数据
     1>ChildView.cpp(543): warning C4244: “参数”: 从“double”转换到“BYTE”，可能丢失数据
     1>ChildView.cpp(590): warning C4244: “=”: 从“double”转换到“float”，可能丢失数据
     1>ChildView.cpp(591): warning C4244: “=”: 从“double”转换到“float”，可能丢失数据
     1>ChildView.cpp(592): warning C4244: “=”: 从“double”转换到“float”，可能丢失数据
     1>ChildView.cpp(600): warning C4244: “=”: 从“long double”转换到“int”，可能丢失数据
     1>ChildView.cpp(606): warning C4244: “=”: 从“int”转换到“float”，可能丢失数据
     1>ChildView.cpp(617): warning C4244: “参数”: 从“double”转换到“BYTE”，可能丢失数据
     1>ChildView.cpp(585): warning C4101: “avg”: 未引用的局部变量
     1>ChildView.cpp(680): warning C4244: “参数”: 从“double”转换到“int”，可能丢失数据
     1>ChildView.cpp(683): warning C4244: “参数”: 从“double”转换到“int”，可能丢失数据
     1>ChildView.cpp(716): warning C4244: “参数”: 从“double”转换到“int”，可能丢失数据
     1>ChildView.cpp(719): warning C4244: “参数”: 从“double”转换到“int”，可能丢失数据
     1>ChildView.cpp(752): warning C4244: “参数”: 从“double”转换到“int”，可能丢失数据
     1>ChildView.cpp(755): warning C4244: “参数”: 从“double”转换到“int”，可能丢失数据
       Link:
         D:\Program Files (x86)\Microsoft Visual Studio 12.0\VC\bin\link.exe /ERRORREPORT:PROMPT /OUT:"Release\SimpleImage.exe" /INCREMENTAL:NO /NOLOGO /MANIFEST /MANIFESTUAC:"level='asInvoker' uiAccess='false'" /manifest:embed /manifestinput:"D:\Program Files (x86)\Microsoft Visual Studio 12.0\VC\Include\Manifest\dpiaware.manifest" /DEBUG /PDB:"Release\SimpleImage.pdb" /SUBSYSTEM:WINDOWS /TLBID:1 /DYNAMICBASE:NO /IMPLIB:"Release\SimpleImage.lib" /MACHINE:X86 /SAFESEH /SAFESEH Release\CImage.res
         Release\ChildView.obj
         Release\CImage.obj
         Release\InfoDlg.obj
         Release\MainFrm.obj
         Release\stdafx.obj
         CImage.vcxproj -> E:\LILY\学习\图像信息处理\AS4\SimpleImage\Release\SimpleImage.exe
     1>已完成生成项目“E:\LILY\学习\图像信息处理\AS4\SimpleImage\CImage.vcxproj”(Build 个目标)的操作。

生成成功。

已用时间 00:00:02.16
