生成启动时间为 2016/12/16 15:09:14。
     1>项目“E:\JUNLI\学习\used\图像信息处理\AS2\SimpleImage\CImage.vcxproj”在节点 2 上(Build 个目标)。
     1>ClCompile:
         D:\Microsoft Visual Studio 12.0\VC\bin\CL.exe /c /Zi /nologo /W4 /WX- /O2 /Ob1 /Oy /D WIN32 /D _WINDOWS /D NDEBUG /D _UNICODE /D UNICODE /D _AFXDLL /GF /Gm- /EHsc /MD /GS /Gy /fp:precise /Zc:wchar_t /Zc:forScope /Fo"Release\\" /Fd"Release\vc120.pdb" /Gd /TP /analyze- /errorReport:prompt ChildView.cpp
         ChildView.cpp
     1>ChildView.cpp(216): warning C4244: “=”: 从“int”转换到“byte”，可能丢失数据
     1>ChildView.cpp(217): warning C4244: “=”: 从“int”转换到“byte”，可能丢失数据
     1>ChildView.cpp(218): warning C4244: “=”: 从“int”转换到“byte”，可能丢失数据
     1>ChildView.cpp(221): warning C4244: “=”: 从“int”转换到“byte”，可能丢失数据
     1>ChildView.cpp(222): warning C4244: “=”: 从“int”转换到“byte”，可能丢失数据
     1>ChildView.cpp(223): warning C4244: “=”: 从“int”转换到“byte”，可能丢失数据
     1>ChildView.cpp(226): warning C4244: “=”: 从“int”转换到“byte”，可能丢失数据
     1>ChildView.cpp(227): warning C4244: “=”: 从“int”转换到“byte”，可能丢失数据
     1>ChildView.cpp(228): warning C4244: “=”: 从“int”转换到“byte”，可能丢失数据
     1>ChildView.cpp(193): warning C4101: “avg”: 未引用的局部变量
       Link:
         D:\Microsoft Visual Studio 12.0\VC\bin\link.exe /ERRORREPORT:PROMPT /OUT:"Release\SimpleImage.exe" /INCREMENTAL:NO /NOLOGO /MANIFEST /MANIFESTUAC:"level='asInvoker' uiAccess='false'" /manifest:embed /manifestinput:"D:\Microsoft Visual Studio 12.0\VC\Include\Manifest\dpiaware.manifest" /DEBUG /PDB:"Release\SimpleImage.pdb" /SUBSYSTEM:WINDOWS /TLBID:1 /ENTRY:"wWinMainCRTStartup" /DYNAMICBASE:NO /IMPLIB:"Release\SimpleImage.lib" /MACHINE:X86 /SAFESEH /SAFESEH Release\CImage.res
         Release\ChildView.obj
         Release\CImage.obj
         Release\InfoDlg.obj
         Release\MainFrm.obj
         Release\stdafx.obj
         CImage.vcxproj -> E:\JUNLI\学习\used\图像信息处理\AS2\SimpleImage\Release\SimpleImage.exe
     1>已完成生成项目“E:\JUNLI\学习\used\图像信息处理\AS2\SimpleImage\CImage.vcxproj”(Build 个目标)的操作。

生成成功。

已用时间 00:00:02.86
