生成启动时间为 2016/3/17 12:59:57。
     1>项目“E:\LILY\学习\used\图像信息处理\AS1\ImageProcessingAS1\ImageProcessingAS1\ImageProcessingAS1.vcxproj”在节点 2 上(Build 个目标)。
     1>ClCompile:
         D:\Microsoft Visual Studio 12.0\VC\bin\CL.exe /c /ZI /nologo /W3 /WX- /Od /Oy- /D WIN32 /D _DEBUG /D _CONSOLE /D _LIB /D _UNICODE /D UNICODE /Gm /EHsc /RTC1 /MDd /GS /fp:precise /Zc:wchar_t /Zc:forScope /Fo"Debug\\" /Fd"Debug\vc120.pdb" /Gd /TP /analyze- /errorReport:prompt main.cpp
         main.cpp
     1>e:\lily\学习\used\图像信息处理\as1\imageprocessingas1\imageprocessingas1\main.cpp(33): warning C4996: 'fopen': This function or variable may be unsafe. Consider using fopen_s instead. To disable deprecation, use _CRT_SECURE_NO_WARNINGS. See online help for details.
                 d:\microsoft visual studio 12.0\vc\include\stdio.h(211) : 参见“fopen”的声明
     1>e:\lily\学习\used\图像信息处理\as1\imageprocessingas1\imageprocessingas1\main.cpp(63): warning C4244: “=”: 从“double”转换到“float”，可能丢失数据
     1>e:\lily\学习\used\图像信息处理\as1\imageprocessingas1\imageprocessingas1\main.cpp(64): warning C4244: “=”: 从“double”转换到“float”，可能丢失数据
     1>e:\lily\学习\used\图像信息处理\as1\imageprocessingas1\imageprocessingas1\main.cpp(65): warning C4244: “=”: 从“double”转换到“float”，可能丢失数据
     1>e:\lily\学习\used\图像信息处理\as1\imageprocessingas1\imageprocessingas1\main.cpp(70): warning C4996: 'fopen': This function or variable may be unsafe. Consider using fopen_s instead. To disable deprecation, use _CRT_SECURE_NO_WARNINGS. See online help for details.
                 d:\microsoft visual studio 12.0\vc\include\stdio.h(211) : 参见“fopen”的声明
     1>e:\lily\学习\used\图像信息处理\as1\imageprocessingas1\imageprocessingas1\main.cpp(96): warning C4244: “=”: 从“float”转换到“unsigned char”，可能丢失数据
     1>e:\lily\学习\used\图像信息处理\as1\imageprocessingas1\imageprocessingas1\main.cpp(102): warning C4996: 'fopen': This function or variable may be unsafe. Consider using fopen_s instead. To disable deprecation, use _CRT_SECURE_NO_WARNINGS. See online help for details.
                 d:\microsoft visual studio 12.0\vc\include\stdio.h(211) : 参见“fopen”的声明
     1>e:\lily\学习\used\图像信息处理\as1\imageprocessingas1\imageprocessingas1\main.cpp(106): warning C4244: “=”: 从“double”转换到“BYTE”，可能丢失数据
     1>e:\lily\学习\used\图像信息处理\as1\imageprocessingas1\imageprocessingas1\main.cpp(107): warning C4244: “=”: 从“double”转换到“BYTE”，可能丢失数据
     1>e:\lily\学习\used\图像信息处理\as1\imageprocessingas1\imageprocessingas1\main.cpp(108): warning C4244: “=”: 从“double”转换到“BYTE”，可能丢失数据
     1>e:\lily\学习\used\图像信息处理\as1\imageprocessingas1\imageprocessingas1\main.cpp(25): warning C4101: “ipRGB”: 未引用的局部变量
     1>e:\lily\学习\used\图像信息处理\as1\imageprocessingas1\imageprocessingas1\main.cpp(29): warning C4101: “fileName”: 未引用的局部变量
       Link:
         D:\Microsoft Visual Studio 12.0\VC\bin\link.exe /ERRORREPORT:PROMPT /OUT:"E:\LILY\学习\used\图像信息处理\AS1\ImageProcessingAS1\Debug\ImageProcessingAS1.exe" /INCREMENTAL /NOLOGO kernel32.lib user32.lib gdi32.lib winspool.lib comdlg32.lib advapi32.lib shell32.lib ole32.lib oleaut32.lib uuid.lib odbc32.lib odbccp32.lib /MANIFEST /MANIFESTUAC:"level='asInvoker' uiAccess='false'" /manifest:embed /DEBUG /PDB:"E:\LILY\学习\used\图像信息处理\AS1\ImageProcessingAS1\Debug\ImageProcessingAS1.pdb" /SUBSYSTEM:CONSOLE /TLBID:1 /DYNAMICBASE /NXCOMPAT /IMPLIB:"E:\LILY\学习\used\图像信息处理\AS1\ImageProcessingAS1\Debug\ImageProcessingAS1.lib" /MACHINE:X86 Debug\main.obj
         LINK : 没有找到 E:\LILY\学习\used\图像信息处理\AS1\ImageProcessingAS1\Debug\ImageProcessingAS1.exe 或上一个增量链接没有生成它；正在执行完全链接
         ImageProcessingAS1.vcxproj -> E:\LILY\学习\used\图像信息处理\AS1\ImageProcessingAS1\Debug\ImageProcessingAS1.exe
     1>已完成生成项目“E:\LILY\学习\used\图像信息处理\AS1\ImageProcessingAS1\ImageProcessingAS1\ImageProcessingAS1.vcxproj”(Build 个目标)的操作。

生成成功。

已用时间 00:00:06.09
